<?xml version="1.0" encoding="UTF-8"?>
<coverage generated="1432982149793" clover="3.2.0">
	<project timestamp="1432982149793"  name="All Files" >
		<metrics statements="9"  coveredstatements="9"  conditionals="0"  coveredconditionals="0"  methods="4"  coveredmethods="4"  elements="13"  coveredelements="13"  complexity="0"  packages="1"  files="1"  classes="1"  loc="23"  ncloc="23" />
		<package name="test-ex-1" >
			<metrics statements="9"  coveredstatements="9"  conditionals="0"  coveredconditionals="0"  methods="4"  coveredmethods="4" />
			<file name="main.js"  path="/home/cky/projects/test-ex-1/main.js" >
				<metrics statements="9"  coveredstatements="9"  conditionals="0"  coveredconditionals="0"  methods="4"  coveredmethods="4" />
				<line num="1"  count="1"  type="stmt" />
				<line num="2"  count="3"  type="stmt" />
				<line num="4"  count="1"  type="stmt" />
				<line num="5"  count="1"  type="stmt" />
				<line num="8"  count="1"  type="stmt" />
				<line num="9"  count="1"  type="stmt" />
				<line num="12"  count="3"  type="stmt" />
				<line num="18"  count="3"  type="stmt" />
				<line num="23"  count="1"  type="stmt" />
			</file>
		</package>
	</project>
</coverage>
