{
"/home/cky/projects/test-ex-1/main.js":{"path":"/home/cky/projects/test-ex-1/main.js","s":{"1":1,"2":3,"3":1,"4":1,"5":1,"6":1,"7":3,"8":3,"9":1},"b":{},"f":{"1":3,"2":1,"3":1,"4":3},"fnMap":{"1":{"name":"(anonymous_1)","line":1,"loc":{"start":{"line":1,"column":17},"end":{"line":1,"column":29}}},"2":{"name":"(anonymous_2)","line":3,"loc":{"start":{"line":3,"column":13},"end":{"line":3,"column":26}}},"3":{"name":"(anonymous_3)","line":7,"loc":{"start":{"line":7,"column":18},"end":{"line":7,"column":30}}},"4":{"name":"(anonymous_4)","line":11,"loc":{"start":{"line":11,"column":15},"end":{"line":11,"column":27}}}},"statementMap":{"1":{"start":{"line":1,"column":0},"end":{"line":21,"column":2}},"2":{"start":{"line":2,"column":4},"end":{"line":14,"column":5}},"3":{"start":{"line":4,"column":12},"end":{"line":4,"column":19}},"4":{"start":{"line":5,"column":12},"end":{"line":5,"column":33}},"5":{"start":{"line":8,"column":12},"end":{"line":8,"column":19}},"6":{"start":{"line":9,"column":12},"end":{"line":9,"column":24}},"7":{"start":{"line":12,"column":12},"end":{"line":12,"column":21}},"8":{"start":{"line":18,"column":4},"end":{"line":18,"column":25}},"9":{"start":{"line":23,"column":0},"end":{"line":23,"column":28}}},"branchMap":{},"l":{"1":1,"2":3,"4":1,"5":1,"8":1,"9":1,"12":3,"18":3,"23":1}}}
